<?xml version="1.0" encoding="UTF-8"?>
<!-- Generated by org.testng.reporters.JUnitXMLReporter -->
<testsuite hostname="MININT-8IR53KS" ignored="27" name="Test" tests="23" failures="5" timestamp="20 Mar 2021 19:12:30 GMT" time="7.041" errors="0">
  <testcase name="getRequestToValidateJsonResponseBody" time="3.094" classname="com.automation.tests.GetJobDetails"/>
  <testcase name="getRequestToValidateJsonResponseHeader" time="0.032" classname="com.automation.tests.GetJobDetails"/>
  <testcase name="getRequestToValidateResponseBodyUsingJsonPath" time="0.103" classname="com.automation.tests.GetJobDetails"/>
  <testcase name="getRequestToValidateStatusCode" time="0.037" classname="com.automation.tests.GetJobDetails"/>
  <testcase name="getRequestToValidateStatusLine" time="0.05" classname="com.automation.tests.GetJobDetails"/>
  <testcase name="getRequestToValidateXmlResponseBody" time="0.381" classname="com.automation.tests.GetJobDetails"/>
  <testcase name="getRequestToValidateXmlResponseHeader" time="0.032" classname="com.automation.tests.GetJobDetails"/>
  <testcase name="updateUsingPutRequest" time="0.187" classname="com.automation.tests.PutRequestToUpdateJobDetails">
    <failure type="java.lang.AssertionError" message="expected [200] but found [404]">
      <![CDATA[java.lang.AssertionError: expected [200] but found [404]
at com.automation.tests.PutRequestToUpdateJobDetails.updateUsingPutRequest(PutRequestToUpdateJobDetails.java:28)
... Removed 31 stack frames]]>
    </failure>
  </testcase> <!-- updateUsingPutRequest -->
  <testcase name="deleteRequestWithPathParam" time="0.062" classname="com.automation.tests.DeleteParticularJobId">
    <failure type="java.lang.AssertionError" message="expected [200] but found [404]">
      <![CDATA[java.lang.AssertionError: expected [200] but found [404]
at com.automation.tests.DeleteParticularJobId.deleteRequestWithPathParam(DeleteParticularJobId.java:47)
... Removed 31 stack frames]]>
    </failure>
  </testcase> <!-- deleteRequestWithPathParam -->
  <testcase name="deleteSpecificRecordUsingDeleteRequest" time="0.047" classname="com.automation.tests.DeleteParticularJobId">
    <failure type="java.lang.AssertionError" message="expected [200] but found [404]">
      <![CDATA[java.lang.AssertionError: expected [200] but found [404]
at com.automation.tests.DeleteParticularJobId.deleteSpecificRecordUsingDeleteRequest(DeleteParticularJobId.java:27)
... Removed 31 stack frames]]>
    </failure>
  </testcase> <!-- deleteSpecificRecordUsingDeleteRequest -->
  <testcase name="getParticularJobDetailsUsingQueryParams" time="0.05" classname="com.automation.tests.GetRequestWithQueryParams"/>
  <testcase name="patchRequestWithQueryParam" time="0.093" classname="com.automation.tests.PatchRequestToUpdateParticularJobId">
    <failure type="java.lang.AssertionError" message="expected [200] but found [404]">
      <![CDATA[java.lang.AssertionError: expected [200] but found [404]
at com.automation.tests.PatchRequestToUpdateParticularJobId.patchRequestWithQueryParam(PatchRequestToUpdateParticularJobId.java:29)
... Removed 31 stack frames]]>
    </failure>
  </testcase> <!-- patchRequestWithQueryParam -->
  <testcase name="headRequestToValidateStatusCode" time="0.032" classname="com.automation.tests.HeadRequest"/>
  <testcase name="secureGetRequestUsingChallengedBasicAuth" time="0.182" classname="com.automation.tests.GetRequestWithBasicAuth"/>
  <testcase name="getRequestUsingDigestAuth" time="0.836" classname="com.automation.tests.GetRequestWithDigestAuth"/>
  <testcase name="validateJsonSchema" time="0.533" classname="com.automation.tests.JsonSchemaValidation"/>
  <testcase name="validateXmlDtdSchema" time="0.156" classname="com.automation.tests.XmlSchemaValidation">
    <failure type="org.xml.sax.SAXParseException" message="Attribute &amp;quot;xmlns:perctg&amp;quot; must be declared for element type &amp;quot;student&amp;quot;.">
      <![CDATA[org.xml.sax.SAXParseException; lineNumber: 2; columnNumber: 54; Attribute "xmlns:perctg" must be declared for element type "student".
at com.sun.org.apache.xerces.internal.util.ErrorHandlerWrapper.createSAXParseException(Unknown Source)
at com.sun.org.apache.xerces.internal.util.ErrorHandlerWrapper.error(Unknown Source)
at com.sun.org.apache.xerces.internal.impl.XMLErrorReporter.reportError(Unknown Source)
at com.sun.org.apache.xerces.internal.impl.XMLErrorReporter.reportError(Unknown Source)
at com.sun.org.apache.xerces.internal.impl.XMLErrorReporter.reportError(Unknown Source)
at com.sun.org.apache.xerces.internal.impl.dtd.XMLDTDValidator.addDTDDefaultAttrsAndValidate(Unknown Source)
at com.sun.org.apache.xerces.internal.impl.dtd.XMLDTDValidator.handleStartElement(Unknown Source)
at com.sun.org.apache.xerces.internal.impl.dtd.XMLDTDValidator.startElement(Unknown Source)
at com.sun.org.apache.xerces.internal.impl.XMLDocumentFragmentScannerImpl.scanStartElement(Unknown Source)
at com.sun.org.apache.xerces.internal.impl.XMLDocumentScannerImpl$ContentDriver.scanRootElementHook(Unknown Source)
at com.sun.org.apache.xerces.internal.impl.XMLDocumentFragmentScannerImpl$FragmentContentDriver.next(Unknown Source)
at com.sun.org.apache.xerces.internal.impl.XMLDocumentScannerImpl$PrologDriver.next(Unknown Source)
at com.sun.org.apache.xerces.internal.impl.XMLDocumentScannerImpl.next(Unknown Source)
at com.sun.org.apache.xerces.internal.impl.XMLDocumentFragmentScannerImpl.scanDocument(Unknown Source)
at com.sun.org.apache.xerces.internal.parsers.XML11Configuration.parse(Unknown Source)
at com.sun.org.apache.xerces.internal.parsers.XML11Configuration.parse(Unknown Source)
at com.sun.org.apache.xerces.internal.parsers.XMLParser.parse(Unknown Source)
at com.sun.org.apache.xerces.internal.parsers.DOMParser.parse(Unknown Source)
at com.sun.org.apache.xerces.internal.jaxp.DocumentBuilderImpl.parse(Unknown Source)
at com.sun.org.apache.xerces.internal.jaxp.DocumentBuilderImpl$parse$0.call(Unknown Source)
at org.codehaus.groovy.runtime.callsite.CallSiteArray.defaultCall(CallSiteArray.java:47)
at org.codehaus.groovy.runtime.callsite.AbstractCallSite.call(AbstractCallSite.java:125)
at org.codehaus.groovy.runtime.callsite.AbstractCallSite.call(AbstractCallSite.java:139)
at io.restassured.internal.matcher.xml.XmlDtdMatcher.matches(XmlDtdMatcher.groovy:87)
at org.hamcrest.Matcher$matches$0.call(Unknown Source)
at org.codehaus.groovy.runtime.callsite.CallSiteArray.defaultCall(CallSiteArray.java:47)
at org.hamcrest.Matcher$matches.call(Unknown Source)
at io.restassured.assertion.BodyMatcher.validate(BodyMatcher.groovy:76)
at io.restassured.assertion.BodyMatcher$validate$0.call(Unknown Source)
at io.restassured.assertion.BodyMatcherGroup$_validate_closure2.doCall(BodyMatcherGroup.groovy:47)
at groovy.lang.MetaMethod.doMethodInvoke(MetaMethod.java:323)
at org.codehaus.groovy.runtime.metaclass.ClosureMetaClass.invokeMethod(ClosureMetaClass.java:263)
at groovy.lang.MetaClassImpl.invokeMethod(MetaClassImpl.java:1029)
at groovy.lang.Closure.call(Closure.java:412)
at groovy.lang.Closure.call(Closure.java:428)
at org.codehaus.groovy.runtime.DefaultGroovyMethods.collect(DefaultGroovyMethods.java:3564)
at org.codehaus.groovy.runtime.DefaultGroovyMethods.collect(DefaultGroovyMethods.java:3549)
at org.codehaus.groovy.runtime.DefaultGroovyMethods.collect(DefaultGroovyMethods.java:3649)
at org.codehaus.groovy.runtime.dgm$101.invoke(Unknown Source)
at org.codehaus.groovy.runtime.callsite.PojoMetaMethodSite$PojoMetaMethodSiteNoUnwrapNoCoerce.invoke(PojoMetaMethodSite.java:247)
at org.codehaus.groovy.runtime.callsite.PojoMetaMethodSite.call(PojoMetaMethodSite.java:56)
at org.codehaus.groovy.runtime.callsite.AbstractCallSite.call(AbstractCallSite.java:139)
at io.restassured.assertion.BodyMatcherGroup.validate(BodyMatcherGroup.groovy:47)
at io.restassured.assertion.BodyMatcherGroup$validate$3.call(Unknown Source)
at io.restassured.internal.ResponseSpecificationImpl$HamcrestAssertionClosure.validate(ResponseSpecificationImpl.groovy:480)
at io.restassured.internal.ResponseSpecificationImpl$HamcrestAssertionClosure$validate$1.call(Unknown Source)
at io.restassured.internal.ResponseSpecificationImpl.validateResponseIfRequired(ResponseSpecificationImpl.groovy:674)
at org.codehaus.groovy.runtime.callsite.PlainObjectMetaMethodSite.doInvoke(PlainObjectMetaMethodSite.java:43)
at org.codehaus.groovy.runtime.callsite.PogoMetaMethodSite$PogoCachedMethodSiteNoUnwrapNoCoerce.invoke(PogoMetaMethodSite.java:193)
at org.codehaus.groovy.runtime.callsite.PogoMetaMethodSite.callCurrent(PogoMetaMethodSite.java:61)
at org.codehaus.groovy.runtime.callsite.AbstractCallSite.callCurrent(AbstractCallSite.java:185)
at io.restassured.internal.ResponseSpecificationImpl.body(ResponseSpecificationImpl.groovy:98)
at io.restassured.internal.ValidatableResponseOptionsImpl.body(ValidatableResponseOptionsImpl.java:238)
at io.restassured.internal.ValidatableResponseImpl.super$2$body(ValidatableResponseImpl.groovy)
at groovy.lang.MetaMethod.doMethodInvoke(MetaMethod.java:323)
at groovy.lang.MetaClassImpl.invokeMethod(MetaClassImpl.java:1262)
at org.codehaus.groovy.runtime.ScriptBytecodeAdapter.invokeMethodOnSuperN(ScriptBytecodeAdapter.java:144)
at io.restassured.internal.ValidatableResponseImpl.body(ValidatableResponseImpl.groovy:293)
at io.restassured.internal.ValidatableResponseImpl.body(ValidatableResponseImpl.groovy)
at com.automation.tests.XmlSchemaValidation.validateXmlDtdSchema(XmlSchemaValidation.java:24)
... Removed 38 stack frames]]>
    </failure>
  </testcase> <!-- validateXmlDtdSchema -->
  <testcase name="validateXmlXsdSchema" time="0.125" classname="com.automation.tests.XmlSchemaValidation"/>
  <testcase name="validateXmlNamespace" time="0.08" classname="com.automation.tests.XmlNamespaceValidation"/>
  <testcase name="getRequestUsingMockService" time="0.023" classname="com.automation.tests.SpecifyingRequestPort"/>
  <testcase name="specifyPort" time="0.023" classname="com.automation.tests.SpecifyingRequestPort"/>
  <testcase name="validateResponseTime" time="0.035" classname="com.automation.tests.SpecifyingRequestPort"/>
  <testcase name="responseAwareMatcherTest" time="0.062" classname="com.automation.tests.ResponseAwareMatcher"/>
  <testcase name="@AfterSuite tearDown" time="0.0" classname="com.automation.base.BaseTest">
    <ignored/>
  </testcase> <!-- @AfterSuite tearDown -->
  <testcase name="@AfterSuite tearDown" time="0.0" classname="com.automation.base.BaseTest">
    <ignored/>
  </testcase> <!-- @AfterSuite tearDown -->
  <testcase name="@AfterSuite tearDown" time="0.0" classname="com.automation.base.BaseTest">
    <ignored/>
  </testcase> <!-- @AfterSuite tearDown -->
  <testcase name="@AfterSuite tearDown" time="0.0" classname="com.automation.base.BaseTest">
    <ignored/>
  </testcase> <!-- @AfterSuite tearDown -->
  <testcase name="@AfterSuite tearDown" time="0.0" classname="com.automation.base.BaseTest">
    <ignored/>
  </testcase> <!-- @AfterSuite tearDown -->
  <testcase name="@AfterSuite tearDown" time="0.0" classname="com.automation.base.BaseTest">
    <ignored/>
  </testcase> <!-- @AfterSuite tearDown -->
  <testcase name="@AfterSuite tearDown" time="0.0" classname="com.automation.base.BaseTest">
    <ignored/>
  </testcase> <!-- @AfterSuite tearDown -->
  <testcase name="@AfterSuite tearDown" time="0.0" classname="com.automation.base.BaseTest">
    <ignored/>
  </testcase> <!-- @AfterSuite tearDown -->
  <testcase name="@AfterSuite tearDown" time="0.0" classname="com.automation.base.BaseTest">
    <ignored/>
  </testcase> <!-- @AfterSuite tearDown -->
  <testcase name="@AfterSuite tearDown" time="0.0" classname="com.automation.base.BaseTest">
    <ignored/>
  </testcase> <!-- @AfterSuite tearDown -->
  <testcase name="@AfterSuite tearDown" time="0.0" classname="com.automation.base.BaseTest">
    <ignored/>
  </testcase> <!-- @AfterSuite tearDown -->
  <testcase name="@AfterSuite tearDown" time="0.0" classname="com.automation.base.BaseTest">
    <ignored/>
  </testcase> <!-- @AfterSuite tearDown -->
  <testcase name="@AfterSuite tearDown" time="0.0" classname="com.automation.base.BaseTest">
    <ignored/>
  </testcase> <!-- @AfterSuite tearDown -->
  <testcase name="postRequestUsingJsonBody" time="0.0" classname="com.automation.tests.PostJobDetails">
    <ignored/>
  </testcase> <!-- postRequestUsingJsonBody -->
  <testcase name="@BeforeSuite setUpSuite" time="0.0" classname="com.automation.base.BaseTest">
    <ignored/>
  </testcase> <!-- @BeforeSuite setUpSuite -->
  <testcase name="@BeforeSuite setUpSuite" time="0.0" classname="com.automation.base.BaseTest">
    <ignored/>
  </testcase> <!-- @BeforeSuite setUpSuite -->
  <testcase name="@BeforeSuite setUpSuite" time="0.0" classname="com.automation.base.BaseTest">
    <ignored/>
  </testcase> <!-- @BeforeSuite setUpSuite -->
  <testcase name="@BeforeSuite setUpSuite" time="0.0" classname="com.automation.base.BaseTest">
    <ignored/>
  </testcase> <!-- @BeforeSuite setUpSuite -->
  <testcase name="@BeforeSuite setUpSuite" time="0.0" classname="com.automation.base.BaseTest">
    <ignored/>
  </testcase> <!-- @BeforeSuite setUpSuite -->
  <testcase name="@BeforeSuite setUpSuite" time="0.0" classname="com.automation.base.BaseTest">
    <ignored/>
  </testcase> <!-- @BeforeSuite setUpSuite -->
  <testcase name="@BeforeSuite setUpSuite" time="0.0" classname="com.automation.base.BaseTest">
    <ignored/>
  </testcase> <!-- @BeforeSuite setUpSuite -->
  <testcase name="@BeforeSuite setUpSuite" time="0.0" classname="com.automation.base.BaseTest">
    <ignored/>
  </testcase> <!-- @BeforeSuite setUpSuite -->
  <testcase name="@BeforeSuite setUpSuite" time="0.0" classname="com.automation.base.BaseTest">
    <ignored/>
  </testcase> <!-- @BeforeSuite setUpSuite -->
  <testcase name="@BeforeSuite setUpSuite" time="0.0" classname="com.automation.base.BaseTest">
    <ignored/>
  </testcase> <!-- @BeforeSuite setUpSuite -->
  <testcase name="@BeforeSuite setUpSuite" time="0.0" classname="com.automation.base.BaseTest">
    <ignored/>
  </testcase> <!-- @BeforeSuite setUpSuite -->
  <testcase name="@BeforeSuite setUpSuite" time="0.0" classname="com.automation.base.BaseTest">
    <ignored/>
  </testcase> <!-- @BeforeSuite setUpSuite -->
  <testcase name="@BeforeSuite setUpSuite" time="0.0" classname="com.automation.base.BaseTest">
    <ignored/>
  </testcase> <!-- @BeforeSuite setUpSuite -->
</testsuite> <!-- Test -->
